<?xml version="1.0" encoding="UTF-8"?>
<testsuite xmlns:xsi="http://www.w3.org/2001/XMLSchema-instance" xsi:noNamespaceSchemaLocation="https://maven.apache.org/surefire/maven-surefire-plugin/xsd/surefire-test-report-3.0.xsd" version="3.0" name="com.test.test_case.GxGzTest" time="7.223" tests="13" errors="0" skipped="0" failures="0">
  <properties>
[...]
</properties>
  <testcase name="testGX(String)[1]" classname="com.test.test_case.GxGzTest" time="1.0">
    <system-out><![CDATA[南宁:{"nums":49,"cityid":"101300101","city":"南宁","date":"2023-09-12","week":"星期二","update_time":"21:45","wea":"多云","wea_img":"yun","tem":"25","tem_day":"29","tem_night":"24","win":"东风","win_speed":"2级","win_meter":"9km\/h","air":"59","pressure":"983","humidity":"97%"}
]]></system-out>
    <system-err><![CDATA[SLF4J: Failed to load class "org.slf4j.impl.StaticLoggerBinder".
SLF4J: Defaulting to no-operation (NOP) logger implementation
SLF4J: See http://www.slf4j.org/codes.html#StaticLoggerBinder for further details.
]]></system-err>
  </testcase>
  <testcase name="testGX(String)[2]" classname="com.test.test_case.GxGzTest" time="0.525">
    <system-out><![CDATA[柳州:{"nums":50,"cityid":"101300301","city":"柳州","date":"2023-09-12","week":"星期二","update_time":"21:47","wea":"多云","wea_img":"yun","tem":"25","tem_day":"31","tem_night":"24","win":"西北风","win_speed":"2级","win_meter":"9km\/h","air":"45","pressure":"972","humidity":"100%"}
]]></system-out>
  </testcase>
  <testcase name="testGX(String)[3]" classname="com.test.test_case.GxGzTest" time="0.309">
    <system-out><![CDATA[桂林:{"nums":51,"cityid":"101300501","city":"桂林","date":"2023-09-12","week":"星期二","update_time":"21:48","wea":"多云","wea_img":"yun","tem":"27","tem_day":"30","tem_night":"24","win":"东南风","win_speed":"1级","win_meter":"5km\/h","air":"58","pressure":"987","humidity":"86%"}
]]></system-out>
  </testcase>
  <testcase name="testGX(String)[4]" classname="com.test.test_case.GxGzTest" time="0.896">
    <system-out><![CDATA[百色:{"nums":52,"cityid":"101301001","city":"百色","date":"2023-09-12","week":"星期二","update_time":"21:55","wea":"阴","wea_img":"yin","tem":"25","tem_day":"30","tem_night":"24","win":"北风","win_speed":"1级","win_meter":"2km\/h","air":"48","pressure":"987","humidity":"96%"}
]]></system-out>
  </testcase>
  <testcase name="testGX(String)[5]" classname="com.test.test_case.GxGzTest" time="1.417">
    <system-out><![CDATA[玉林:{"nums":53,"cityid":"101300901","city":"玉林","date":"2023-09-12","week":"星期二","update_time":"21:53","wea":"阴","wea_img":"yin","tem":"25","tem_day":"31","tem_night":"24","win":"北风","win_speed":"2级","win_meter":"11km\/h","air":"49","pressure":"987","humidity":"97%"}
]]></system-out>
  </testcase>
  <testcase name="testGX(String)[6]" classname="com.test.test_case.GxGzTest" time="0.824">
    <system-out><![CDATA[贵港:{"nums":54,"cityid":"101300801","city":"贵港","date":"2023-09-12","week":"星期二","update_time":"21:47","wea":"阴","wea_img":"yin","tem":"25","tem_day":"29","tem_night":"24","win":"东北风","win_speed":"2级","win_meter":"9km\/h","air":"45","pressure":"995","humidity":"95%"}
]]></system-out>
  </testcase>
  <testcase name="testGZ(String)[1]" classname="com.test.test_case.GxGzTest" time="0.354">
    <system-out><![CDATA[广州:{"nums":55,"cityid":"101280101","city":"广州","date":"2023-09-12","week":"星期二","update_time":"21:45","wea":"多云","wea_img":"yun","tem":"27","tem_day":"29","tem_night":"25","win":"东南风","win_speed":"1级","win_meter":"3km\/h","air":"27","pressure":"1003","humidity":"89%"}
]]></system-out>
  </testcase>
  <testcase name="testGZ(String)[2]" classname="com.test.test_case.GxGzTest" time="0.332">
    <system-out><![CDATA[深圳:{"nums":56,"cityid":"101280601","city":"深圳","date":"2023-09-12","week":"星期二","update_time":"21:58","wea":"多云","wea_img":"yun","tem":"26","tem_day":"31","tem_night":"26","win":"东风","win_speed":"2级","win_meter":"6km\/h","air":"32","pressure":"1000","humidity":"86%"}
]]></system-out>
  </testcase>
  <testcase name="testGZ(String)[3]" classname="com.test.test_case.GxGzTest" time="0.274">
    <system-out><![CDATA[佛山:{"nums":57,"cityid":"101280800","city":"佛山","date":"2023-09-12","week":"星期二","update_time":"21:52","wea":"多云","wea_img":"yun","tem":"28","tem_day":"32","tem_night":"26","win":"东风","win_speed":"2级","win_meter":"7km\/h","air":"26","pressure":"1003","humidity":"82%"}
]]></system-out>
  </testcase>
  <testcase name="testGZ(String)[4]" classname="com.test.test_case.GxGzTest" time="0.409">
    <system-out><![CDATA[湛江:{"nums":58,"cityid":"101281001","city":"湛江","date":"2023-09-12","week":"星期二","update_time":"21:48","wea":"阴","wea_img":"yin","tem":"25","tem_day":"30","tem_night":"26","win":"北风","win_speed":"2级","win_meter":"11km\/h","air":"60","pressure":"999","humidity":"95%"}
]]></system-out>
  </testcase>
  <testcase name="testGZ(String)[5]" classname="com.test.test_case.GxGzTest" time="0.438">
    <system-out><![CDATA[茂名:{"nums":59,"cityid":"101282001","city":"茂名","date":"2023-09-12","week":"星期二","update_time":"21:52","wea":"多云","wea_img":"yun","tem":"27","tem_day":"32","tem_night":"25","win":"南风","win_speed":"2级","win_meter":"8km\/h","air":"39","pressure":"1002","humidity":"89%"}
]]></system-out>
  </testcase>
  <testcase name="testGZ(String)[6]" classname="com.test.test_case.GxGzTest" time="0.275">
    <system-out><![CDATA[清远:{"nums":60,"cityid":"101281301","city":"清远","date":"2023-09-12","week":"星期二","update_time":"21:47","wea":"多云","wea_img":"yun","tem":"26","tem_day":"31","tem_night":"25","win":"东风","win_speed":"2级","win_meter":"6km\/h","air":"32","pressure":"998","humidity":"92%"}
]]></system-out>
  </testcase>
  <testcase name="testJunit5" classname="com.test.test_case.GxGzTest" time="0.004">
    <system-out><![CDATA[testJunit5:hello world junit5
]]></system-out>
  </testcase>
</testsuite>