<?xml version="1.0" encoding="UTF-8"?>
<testsuite xmlns:xsi="http://www.w3.org/2001/XMLSchema-instance" xsi:noNamespaceSchemaLocation="https://maven.apache.org/surefire/maven-surefire-plugin/xsd/surefire-test-report.xsd" name="test.GxGzTest" time="11.766" tests="12" errors="0" skipped="0" failures="0">
  <properties>
[...]
</properties>
  <testcase name="testGX{String}[1]" classname="test.GxGzTest" time="0.728"/>
  <testcase name="testGX{String}[2]" classname="test.GxGzTest" time="0.972"/>
  <testcase name="testGX{String}[3]" classname="test.GxGzTest" time="0.996"/>
  <testcase name="testGX{String}[4]" classname="test.GxGzTest" time="1.015"/>
  <testcase name="testGX{String}[5]" classname="test.GxGzTest" time="0.983"/>
  <testcase name="testGX{String}[6]" classname="test.GxGzTest" time="1.009"/>
  <testcase name="testGZ{String}[1]" classname="test.GxGzTest" time="0.993"/>
  <testcase name="testGZ{String}[2]" classname="test.GxGzTest" time="0.989"/>
  <testcase name="testGZ{String}[3]" classname="test.GxGzTest" time="0.997"/>
  <testcase name="testGZ{String}[4]" classname="test.GxGzTest" time="1.028"/>
  <testcase name="testGZ{String}[5]" classname="test.GxGzTest" time="1.009"/>
  <testcase name="testGZ{String}[6]" classname="test.GxGzTest" time="0.971"/>
</testsuite>